[2019-08-19 10:05:09:879 INFO][main-FreeMarkerUtils]生成文件 : E:\IdeaProjects\other\netty-demo\generated\src\main\java\com\test\game\data\message\role\RoleBean.java
[2019-08-19 10:05:09:910 INFO][main-FreeMarkerUtils]生成文件 : E:\IdeaProjects\other\netty-demo\generated\src\main\java\com\test\game\data\message\account\AccountBean.java
[2019-08-19 10:05:09:928 INFO][main-FreeMarkerUtils]生成文件 : E:\IdeaProjects\other\netty-demo\generated\src\main\java\com\test\game\data\message\role\JavaType.java
[2019-08-19 10:05:09:957 INFO][main-FreeMarkerUtils]生成文件 : E:\IdeaProjects\other\netty-demo\generated\src\main\java\com\test\game\data\message\account\ReqAccountLoginFailmessage.java
[2019-08-19 10:05:09:971 INFO][main-FreeMarkerUtils]生成文件 : E:\IdeaProjects\other\netty-demo\generated\src\main\java\com\test\game\data\message\login\ReqVersionCheckFailmessage.java
[2019-08-19 10:05:09:996 INFO][main-FreeMarkerUtils]生成文件 : E:\IdeaProjects\other\netty-demo\generated\src\main\java\com\test\game\data\message\login\ResVersionCheckMessage.java
[2019-08-19 10:05:10:011 INFO][main-FreeMarkerUtils]生成文件 : E:\IdeaProjects\other\netty-demo\generated\src\main\java\com\test\game\data\message\account\ResAccountLoginMessage.java
[2019-08-19 10:05:10:030 INFO][main-FreeMarkerUtils]生成文件 : E:\IdeaProjects\other\netty-demo\generated\src\main\java\com\test\game\data\message\login\ReqVersionCheckMessage.java
[2019-08-19 10:05:10:042 INFO][main-FreeMarkerUtils]生成文件 : E:\IdeaProjects\other\netty-demo\generated\src\main\java\com\test\game\data\message\account\ReqAccountLoginMessage.java
[2019-08-19 10:05:10:068 INFO][main-FreeMarkerUtils]生成文件 : E:\IdeaProjects\other\netty-demo\generated\src\main\java\com\test\game\data\message\ServerToClientMessageGroup.java
[2019-08-19 10:05:10:083 INFO][main-FreeMarkerUtils]生成文件 : E:\IdeaProjects\other\netty-demo\generated\src\main\java\com\test\game\data\message\ClientToServerMessageGroup.java
[2019-08-19 10:05:10:092 INFO][main-FreeMarkerUtils]生成文件 : E:\IdeaProjects\other\netty-demo\generated\src\main\java\com\test\game\data\message\MessageVersion.java
[2019-08-19 10:05:10:121 INFO][main-FreeMarkerUtils]生成文件 : E:\IdeaProjects\other\netty-demo\logic\src\main\java\com\test\game\logic\group\ServerToClientHandlerGroup.java
[2019-08-19 10:05:10:134 INFO][main-FreeMarkerUtils]生成文件 : E:\IdeaProjects\other\netty-demo\logic\src\main\java\com\test\game\logic\group\ClientToServerHandlerGroup.java
[2019-08-19 10:05:10:149 INFO][main-FreeMarkerUtils]生成文件 : E:\IdeaProjects\other\netty-demo\logic\src\main\java\com\test\game\logic\guice\ServerToClientGuiceModule.java
[2019-08-19 10:05:10:160 INFO][main-FreeMarkerUtils]生成文件 : E:\IdeaProjects\other\netty-demo\logic\src\main\java\com\test\game\logic\guice\ClientToServerGuiceModule.java
[2019-08-19 10:06:09:304 INFO][main-FreeMarkerUtils]生成文件 : E:\IdeaProjects\other\netty-demo\generated\src\main\java\com\test\game\data\message\role\RoleBean.java
[2019-08-19 10:06:09:329 INFO][main-FreeMarkerUtils]生成文件 : E:\IdeaProjects\other\netty-demo\generated\src\main\java\com\test\game\data\message\account\AccountBean.java
[2019-08-19 10:06:09:353 INFO][main-FreeMarkerUtils]生成文件 : E:\IdeaProjects\other\netty-demo\generated\src\main\java\com\test\game\data\message\role\JavaType.java
[2019-08-19 10:06:09:380 INFO][main-FreeMarkerUtils]生成文件 : E:\IdeaProjects\other\netty-demo\generated\src\main\java\com\test\game\data\message\account\ReqAccountLoginFailmessage.java
[2019-08-19 10:06:09:396 INFO][main-FreeMarkerUtils]生成文件 : E:\IdeaProjects\other\netty-demo\generated\src\main\java\com\test\game\data\message\login\ReqVersionCheckFailmessage.java
[2019-08-19 10:06:09:428 INFO][main-FreeMarkerUtils]生成文件 : E:\IdeaProjects\other\netty-demo\generated\src\main\java\com\test\game\data\message\login\ResVersionCheckMessage.java
[2019-08-19 10:06:09:447 INFO][main-FreeMarkerUtils]生成文件 : E:\IdeaProjects\other\netty-demo\generated\src\main\java\com\test\game\data\message\account\ResAccountLoginMessage.java
[2019-08-19 10:06:09:474 INFO][main-FreeMarkerUtils]生成文件 : E:\IdeaProjects\other\netty-demo\generated\src\main\java\com\test\game\data\message\login\ReqVersionCheckMessage.java
[2019-08-19 10:06:09:490 INFO][main-FreeMarkerUtils]生成文件 : E:\IdeaProjects\other\netty-demo\generated\src\main\java\com\test\game\data\message\account\ReqAccountLoginMessage.java
[2019-08-19 10:06:09:512 INFO][main-FreeMarkerUtils]生成文件 : E:\IdeaProjects\other\netty-demo\generated\src\main\java\com\test\game\data\message\ServerToClientMessageGroup.java
[2019-08-19 10:06:09:524 INFO][main-FreeMarkerUtils]生成文件 : E:\IdeaProjects\other\netty-demo\generated\src\main\java\com\test\game\data\message\ClientToServerMessageGroup.java
[2019-08-19 10:06:09:533 INFO][main-FreeMarkerUtils]生成文件 : E:\IdeaProjects\other\netty-demo\generated\src\main\java\com\test\game\data\message\MessageVersion.java
[2019-08-19 10:06:09:568 INFO][main-FreeMarkerUtils]生成文件 : E:\IdeaProjects\other\netty-demo\logic\src\main\java\com\test\game\logic\group\ServerToClientHandlerGroup.java
[2019-08-19 10:06:09:587 INFO][main-FreeMarkerUtils]生成文件 : E:\IdeaProjects\other\netty-demo\logic\src\main\java\com\test\game\logic\group\ClientToServerHandlerGroup.java
[2019-08-19 10:06:09:604 INFO][main-FreeMarkerUtils]生成文件 : E:\IdeaProjects\other\netty-demo\logic\src\main\java\com\test\game\logic\guice\ServerToClientGuiceModule.java
[2019-08-19 10:06:09:613 INFO][main-FreeMarkerUtils]生成文件 : E:\IdeaProjects\other\netty-demo\logic\src\main\java\com\test\game\logic\guice\ClientToServerGuiceModule.java
[2019-08-19 10:16:20:806 INFO][main-FreeMarkerUtils]生成文件 : E:\IdeaProjects\other\netty-demo\generated\src\main\java\com\test\game\data\message\role\RoleBean.java
[2019-08-19 10:16:20:830 INFO][main-FreeMarkerUtils]生成文件 : E:\IdeaProjects\other\netty-demo\generated\src\main\java\com\test\game\data\message\account\AccountBean.java
[2019-08-19 10:16:20:851 INFO][main-FreeMarkerUtils]生成文件 : E:\IdeaProjects\other\netty-demo\generated\src\main\java\com\test\game\data\message\role\JavaType.java
[2019-08-19 10:16:20:867 INFO][main-FreeMarkerUtils]生成文件 : E:\IdeaProjects\other\netty-demo\generated\src\main\java\com\test\game\data\message\login\KickType.java
[2019-08-19 10:16:20:893 INFO][main-FreeMarkerUtils]生成文件 : E:\IdeaProjects\other\netty-demo\generated\src\main\java\com\test\game\data\message\login\ReqVersionCheckFailmessage.java
[2019-08-19 10:16:20:910 INFO][main-FreeMarkerUtils]生成文件 : E:\IdeaProjects\other\netty-demo\generated\src\main\java\com\test\game\data\message\account\ReqAccountLoginFailmessage.java
[2019-08-19 10:16:20:940 INFO][main-FreeMarkerUtils]生成文件 : E:\IdeaProjects\other\netty-demo\generated\src\main\java\com\test\game\data\message\login\ReqVersionCheckMessage.java
[2019-08-19 10:16:20:956 INFO][main-FreeMarkerUtils]生成文件 : E:\IdeaProjects\other\netty-demo\generated\src\main\java\com\test\game\data\message\login\ReqKickMessage.java
[2019-08-19 10:16:20:973 INFO][main-FreeMarkerUtils]生成文件 : E:\IdeaProjects\other\netty-demo\generated\src\main\java\com\test\game\data\message\account\ReqAccountLoginMessage.java
[2019-08-19 10:16:20:998 INFO][main-FreeMarkerUtils]生成文件 : E:\IdeaProjects\other\netty-demo\generated\src\main\java\com\test\game\data\message\login\ResVersionCheckMessage.java
[2019-08-19 10:16:21:014 INFO][main-FreeMarkerUtils]生成文件 : E:\IdeaProjects\other\netty-demo\generated\src\main\java\com\test\game\data\message\account\ResAccountLoginMessage.java
[2019-08-19 10:16:21:034 INFO][main-FreeMarkerUtils]生成文件 : E:\IdeaProjects\other\netty-demo\generated\src\main\java\com\test\game\data\message\ServerToClientMessageGroup.java
[2019-08-19 10:16:21:046 INFO][main-FreeMarkerUtils]生成文件 : E:\IdeaProjects\other\netty-demo\generated\src\main\java\com\test\game\data\message\ClientToServerMessageGroup.java
[2019-08-19 10:16:21:054 INFO][main-FreeMarkerUtils]生成文件 : E:\IdeaProjects\other\netty-demo\generated\src\main\java\com\test\game\data\message\MessageVersion.java
[2019-08-19 10:16:21:064 INFO][main-FreeMarkerUtils]生成文件 : E:\IdeaProjects\other\netty-demo\logic\src\main\java\com\test\game\logic\message\login\handler\ReqKickMessageHandler.java
[2019-08-19 10:16:21:083 INFO][main-FreeMarkerUtils]生成文件 : E:\IdeaProjects\other\netty-demo\logic\src\main\java\com\test\game\logic\group\ServerToClientHandlerGroup.java
[2019-08-19 10:16:21:095 INFO][main-FreeMarkerUtils]生成文件 : E:\IdeaProjects\other\netty-demo\logic\src\main\java\com\test\game\logic\group\ClientToServerHandlerGroup.java
[2019-08-19 10:16:21:110 INFO][main-FreeMarkerUtils]生成文件 : E:\IdeaProjects\other\netty-demo\logic\src\main\java\com\test\game\logic\guice\ServerToClientGuiceModule.java
[2019-08-19 10:16:21:119 INFO][main-FreeMarkerUtils]生成文件 : E:\IdeaProjects\other\netty-demo\logic\src\main\java\com\test\game\logic\guice\ClientToServerGuiceModule.java
